<?xml version="1.0" encoding="UTF-8"?>
<testng-results skipped="0" failed="0" ignored="0" total="2" passed="2">
  <reporter-output>
  </reporter-output>
  <suite name="commercesuite" duration-ms="30032" started-at="2019-08-28T16:57:24Z" finished-at="2019-08-28T16:57:54Z">
    <groups>
    </groups>
    <test name="commercetestChrome" duration-ms="12091" started-at="2019-08-28T16:57:24Z" finished-at="2019-08-28T16:57:36Z">
      <class name="com.nopcommerce.testCases.Tc_001_login">
        <test-method status="PASS" signature="setup(java.lang.String)[pri:0, instance:com.nopcommerce.testCases.Tc_001_login@57baeedf]" name="setup" is-config="true" duration-ms="6463" started-at="2019-08-28T16:57:25Z" finished-at="2019-08-28T16:57:31Z">
          <params>
            <param index="0">
              <value>
                <![CDATA[chrome]]>
              </value>
            </param>
          </params>
          <reporter-output>
          </reporter-output>
        </test-method> <!-- setup -->
        <test-method status="PASS" signature="login()[pri:0, instance:com.nopcommerce.testCases.Tc_001_login@57baeedf]" name="login" duration-ms="3083" started-at="2019-08-28T16:57:31Z" finished-at="2019-08-28T16:57:34Z">
          <reporter-output>
          </reporter-output>
        </test-method> <!-- login -->
        <test-method status="PASS" signature="closeBrowser()[pri:0, instance:com.nopcommerce.testCases.Tc_001_login@57baeedf]" name="closeBrowser" is-config="true" duration-ms="2141" started-at="2019-08-28T16:57:34Z" finished-at="2019-08-28T16:57:36Z">
          <reporter-output>
          </reporter-output>
        </test-method> <!-- closeBrowser -->
      </class> <!-- com.nopcommerce.testCases.Tc_001_login -->
    </test> <!-- commercetestChrome -->
    <test name="commercetestFirefox" duration-ms="16906" started-at="2019-08-28T16:57:37Z" finished-at="2019-08-28T16:57:54Z">
      <class name="com.nopcommerce.testCases.Tc_001_login">
        <test-method status="PASS" signature="setup(java.lang.String)[pri:0, instance:com.nopcommerce.testCases.Tc_001_login@5f2108b5]" name="setup" is-config="true" duration-ms="12327" started-at="2019-08-28T16:57:37Z" finished-at="2019-08-28T16:57:50Z">
          <params>
            <param index="0">
              <value>
                <![CDATA[firefox]]>
              </value>
            </param>
          </params>
          <reporter-output>
          </reporter-output>
        </test-method> <!-- setup -->
        <test-method status="PASS" signature="login()[pri:0, instance:com.nopcommerce.testCases.Tc_001_login@5f2108b5]" name="login" duration-ms="3152" started-at="2019-08-28T16:57:50Z" finished-at="2019-08-28T16:57:53Z">
          <reporter-output>
          </reporter-output>
        </test-method> <!-- login -->
        <test-method status="PASS" signature="closeBrowser()[pri:0, instance:com.nopcommerce.testCases.Tc_001_login@5f2108b5]" name="closeBrowser" is-config="true" duration-ms="1408" started-at="2019-08-28T16:57:53Z" finished-at="2019-08-28T16:57:54Z">
          <reporter-output>
          </reporter-output>
        </test-method> <!-- closeBrowser -->
      </class> <!-- com.nopcommerce.testCases.Tc_001_login -->
    </test> <!-- commercetestFirefox -->
  </suite> <!-- commercesuite -->
</testng-results>
